============================= test session starts =============================
platform win32 -- Python 3.14.6, pytest-9.1.1, pluggy-1.6.0 -- C:\Users\Admin\Desktop\NexaCareBackend\NexaCare-Backend\venv\Scripts\python.exe
cachedir: .pytest_cache
rootdir: C:\Users\Admin\Desktop\NexaCareBackend\NexaCare-Backend
configfile: pytest.ini
asyncio: mode=Mode.AUTO, debug=False, asyncio_default_fixture_loop_scope=None, asyncio_default_test_loop_scope=function
collecting ... collected 1 item

app/tests/test_voice_twiml.py::test_say_escapes_xml PASSED               [100%]

============================== 1 passed in 0.03s ==============================
